build/app/outputs/mapping/release/seeds.txt
com.google.android.recaptcha.internal.zzir: java.lang.Iterable zzb
org.threeten.bp.LocalDate: java.lang.Object readResolve()
com.google.android.recaptcha.internal.zzge: java.lang.Object zzl(java.lang.Object)
com.google.android.recaptcha.internal.zzdq: java.lang.Object zzb()
androidx.window.embedding.ExtensionEmbeddingBackend$SplitListenerWrapper: java.util.List lastValue
com.google.android.recaptcha.internal.zzjd: long zzd
com.google.android.recaptcha.internal.zzp: kotlinx.coroutines.CoroutineScope zzc
com.google.android.recaptcha.internal.zzfg: void zzJ(java.util.List)
com.google.android.recaptcha.internal.zzge: zzge()
org.threeten.bp.chrono.IsoChronology
com.google.android.recaptcha.internal.zzdk: long zzg()
com.google.android.recaptcha.internal.zzdk: com.google.android.recaptcha.internal.zzdk zzb()
io.flutter.embedding.engine.mutatorsstack.FlutterMutatorView: void setOnDescendantFocusChangeListener(android.view.View$OnFocusChangeListener)
kotlinx.coroutines.JobSupport$Finishing
com.google.android.recaptcha.internal.zzmu: int zzN()
com.google.android.gms.tasks.zzi
com.google.android.gms.internal.firebase-auth-api.zzoz: com.google.android.gms.internal.firebase-auth-api.zzaff zzf
com.google.android.gms.internal.measurement.zzfj: java.lang.String zze
com.google.android.recaptcha.internal.zzd: com.google.android.recaptcha.internal.zzc zza
com.google.android.recaptcha.internal.zzdk: zzdk()
io.flutter.embedding.engine.FlutterJNI: void handlePlatformMessage(java.lang.String,java.nio.ByteBuffer,int,long)
com.dexterous.flutterlocalnotifications.FlutterLocalNotificationsPlugin: void setTimeoutAfter(com.dexterous.flutterlocalnotifications.models.NotificationDetails,androidx.core.app.NotificationCompat$Builder)
com.google.android.recaptcha.internal.zzgf: com.google.android.recaptcha.internal.zzgf zzT
androidx.window.layout.WindowMetricsCalculator: androidx.window.layout.WindowMetricsCalculator$Companion Companion
com.google.android.recaptcha.internal.zzkg
com.google.android.recaptcha.internal.zzmp: java.lang.Object zzh(int,java.lang.Object,java.lang.Object)
io.flutter.view.AccessibilityViewEmbedder: android.view.View rootAccessibilityView
androidx.core.view.MenuItemCompat$Api26Impl: java.lang.CharSequence getContentDescription(android.view.MenuItem)
androidx.vectordrawable.graphics.drawable.VectorDrawableCompat$VGroup: void setScaleY(float)
androidx.appcompat.widget.SearchView: void setSubmitButtonEnabled(boolean)
com.google.android.gms.tasks.Task: com.google.android.gms.tasks.Task addOnCanceledListener(android.app.Activity,com.google.android.gms.tasks.OnCanceledListener)
androidx.window.layout.FoldingFeature$State: androidx.window.layout.FoldingFeature$State HALF_OPENED
com.google.android.gms.auth.api.credentials.HintRequest: android.os.Parcelable$Creator CREATOR
androidx.core.widget.ListViewCompat$Api19Impl: boolean canScrollList(android.widget.ListView,int)
androidx.appcompat.view.menu.ActionMenuItemView: void setIcon(android.graphics.drawable.Drawable)
androidx.core.view.ViewParentCompat$Api21Impl: boolean onNestedFling(android.view.ViewParent,android.view.View,float,float,boolean)
androidx.appcompat.widget.Toolbar: void setCollapseContentDescription(java.lang.CharSequence)
com.google.android.gms.internal.measurement.zzek
com.google.android.recaptcha.internal.zzfl: void zzu(int,java.util.List,boolean)
androidx.appcompat.widget.ActionBarContextView
com.google.android.gms.tasks.zzj: zzj(java.util.concurrent.Executor,com.google.android.gms.tasks.OnCompleteListener)
com.google.android.recaptcha.internal.zzjy: com.google.android.recaptcha.internal.zzfw zza
com.google.android.recaptcha.internal.zzmn
com.google.android.recaptcha.internal.zzlg: java.lang.Object zzh(int,java.lang.Object,java.lang.Object)
com.google.android.gms.internal.measurement.zzei
com.google.android.recaptcha.internal.zzaf: com.google.android.recaptcha.internal.zzkw zza()