build/app/outputs/mapping/release/mapping.txt
# compiler: R8
# compiler_version: 2.1.62
# min_api: 21
# pg_map_id: f995a36
# common_typos_disable
...
com.google.android.gms.internal.firebase-auth-api.zzxd -> f.b.a.b.f.h.zv:
    com.google.android.gms.internal.firebase-auth-api.zzxe zzb -> b
    com.google.android.gms.internal.firebase-auth-api.zzabl zza -> a
com.google.android.gms.internal.firebase-auth-api.zzxe -> f.b.a.b.f.h.aw:
    com.google.android.gms.internal.firebase-auth-api.zzaej zza -> a
    com.google.android.gms.internal.firebase-auth-api.zzyh zzc -> c
    com.google.android.gms.internal.firebase-auth-api.zzaae zzb -> b
com.google.android.gms.internal.firebase-auth-api.zzxf -> f.b.a.b.f.h.bw:
    com.google.android.gms.internal.firebase-auth-api.zzabl zza -> a
    com.google.android.gms.internal.firebase-auth-api.zzxg zzb -> b
com.google.android.gms.internal.firebase-auth-api.zzxg -> f.b.a.b.f.h.cw:
    com.google.android.gms.internal.firebase-auth-api.zzaec zza -> a
    com.google.android.gms.internal.firebase-auth-api.zzyh zzc -> c
    com.google.android.gms.internal.firebase-auth-api.zzaae zzb -> b
com.google.android.gms.internal.firebase-auth-api.zzxh -> f.b.a.b.f.h.dw:
    com.google.android.gms.internal.firebase-auth-api.zzaae zza -> a
    com.google.android.gms.internal.firebase-auth-api.zzyh zzb -> b
com.google.android.gms.internal.firebase-auth-api.zzxi -> f.b.a.b.f.h.ew:
    com.google.android.gms.internal.firebase-auth-api.zzabl zza -> a
    com.google.android.gms.internal.firebase-auth-api.zzxj zzc -> c
    com.google.android.gms.internal.firebase-auth-api.zzade zzb -> b
com.google.android.gms.internal.firebase-auth-api.zzxj -> f.b.a.b.f.h.fw:
    java.lang.String zza -> a
    com.google.android.gms.internal.firebase-auth-api.zzyh zzc -> c
    com.google.android.gms.internal.firebase-auth-api.zzaae zzb -> b
com.google.android.gms.internal.firebase-auth-api.zzxk -> f.b.a.b.f.h.gw:
    com.google.android.gms.internal.firebase-auth-api.zzxl zza -> a
com.google.android.gms.internal.firebase-auth-api.zzxl -> f.b.a.b.f.h.hw:
    com.google.android.gms.internal.firebase-auth-api.zzyh zzd -> d
    java.lang.String zza -> a
    java.lang.String zzb -> b
    com.google.android.gms.internal.firebase-auth-api.zzaae zzc -> c
com.google.android.gms.internal.firebase-auth-api.zzxm -> f.b.a.b.f.h.iw:
    com.google.android.gms.internal.firebase-auth-api.zzaae zza -> a
com.google.android.gms.internal.firebase-auth-api.zzxn -> f.b.a.b.f.h.jw:
    com.google.android.gms.internal.firebase-auth-api.zzaae zza -> a
    com.google.android.gms.internal.firebase-auth-api.zzyh zzb -> b
com.google.android.gms.internal.firebase-auth-api.zzxo -> f.b.a.b.f.h.kw:
    com.google.android.gms.internal.firebase-auth-api.zzxp zza -> a
com.google.android.gms.internal.firebase-auth-api.zzxp -> f.b.a.b.f.h.lw:
    com.google.android.gms.internal.firebase-auth-api.zzaae zza -> a
    com.google.android.gms.internal.firebase-auth-api.zzacp zzc -> c
    com.google.android.gms.internal.firebase-auth-api.zzyh zzb -> b
com.google.android.gms.internal.firebase-auth-api.zzxq -> f.b.a.b.f.h.mw:
    com.google.android.gms.internal.firebase-auth-api.zzaae zza -> a
    com.google.android.gms.internal.firebase-auth-api.zzyh zzb -> b
com.google.android.gms.internal.firebase-auth-api.zzxr -> f.b.a.b.f.h.nw:
    com.google.android.gms.internal.firebase-auth-api.zzaae zza -> a
com.google.android.gms.internal.firebase-auth-api.zzxs -> f.b.a.b.f.h.ow:
    com.google.android.gms.internal.firebase-auth-api.zzaae zza -> a
com.google.android.gms.internal.firebase-auth-api.zzxt -> f.b.a.b.f.h.pw:
    com.google.android.gms.internal.firebase-auth-api.zzaae zza -> a
com.google.android.gms.internal.firebase-auth-api.zzxu -> f.b.a.b.f.h.qw:
    com.google.android.gms.internal.firebase-auth-api.zzxv zzc -> c
    com.google.android.gms.internal.firebase-auth-api.zzabl zza -> a
    com.google.android.gms.internal.firebase-auth-api.zzade zzb -> b