build/app/outputs/mapping/release/usage.txt
androidx.appcompat.graphics.drawable.DrawerArrowDrawable
kotlin.reflect.KClassesImplKt
com.google.common.collect.ImmutableSetMultimap
kotlin.time.TimeSource$Companion
com.google.common.util.concurrent.AbstractService$IsStoppedGuard
com.google.common.util.concurrent.FuturesGetChecked$1
com.google.common.collect.TreeRangeMap$SubRangeMap
com.google.android.gms.location.zzy:
    public void <init>()
com.google.firebase.concurrent.LimitedConcurrencyExecutor
com.google.common.io.ByteStreams
com.google.common.collect.ImmutableSetMultimap$SetFieldSettersHolder
com.google.android.gms.measurement.AppMeasurementContentProvider
com.google.common.collect.TreeBasedTable$TreeRow
androidx.core.content.UriMatcherCompat
androidx.appcompat.resources.R$drawable:
    private void <init>()
com.google.common.io.Closeables
androidx.core.view.accessibility.AccessibilityWindowInfoCompat$Api21Impl
com.google.android.gms.auth.api.accounttransfer.zzc
com.google.android.gms.common.internal.zzi
org.checkerframework.checker.nullness.qual.MonotonicNonNull
com.google.android.gms.internal.auth.zzh
com.google.common.collect.ComparatorOrdering
com.google.android.gms.common.internal.HideFirstParty
androidx.core.database.CursorWindowCompat$Api28Impl
com.google.android.gms.internal.common.zzh
kotlin.collections.CollectionsKt__CollectionsKt:
    private static final java.util.List listOf()
    private static final java.util.List mutableListOf()
    private static final java.util.ArrayList arrayListOf()
    public static final varargs java.util.List mutableListOf(java.lang.Object[])
    public static final varargs java.util.ArrayList arrayListOf(java.lang.Object[])
    public static final java.util.List listOfNotNull(java.lang.Object)
    public static final varargs java.util.List listOfNotNull(java.lang.Object[])
    private static final java.util.List List(int,kotlin.jvm.functions.Function1)
    private static final java.util.List MutableList(int,kotlin.jvm.functions.Function1)
    private static final java.util.List buildList(kotlin.jvm.functions.Function1)
    private static final java.util.List buildList(int,kotlin.jvm.functions.Function1)
    public static final kotlin.ranges.IntRange getIndices(java.util.Collection)
    private static final boolean isNotEmpty(java.util.Collection)
    private static final boolean isNullOrEmpty(java.util.Collection)
    private static final java.util.Collection orEmpty(java.util.Collection)
    private static final java.util.List orEmpty(java.util.List)
    private static final java.lang.Object ifEmpty(java.util.Collection,kotlin.jvm.functions.Function0)
    private static final boolean containsAll(java.util.Collection,java.util.Collection)
io.flutter.plugins.urllauncher.R$style
androidx.cursoradapter.R
com.google.common.primitives.Bytes:
    private void <init>()
    public static boolean contains(byte[],byte)
    public static int indexOf(byte[],byte)
    public static int indexOf(byte[],byte[])
    public static int lastIndexOf(byte[],byte)
    public static varargs byte[] concat(byte[][])
    public static byte[] ensureCapacity(byte[],int,int)
    public static varargs java.util.List asList(byte[])
    public static void reverse(byte[])
    public static void reverse(byte[],int,int)